Command line:
   cam_read_isim_beh.exe
     -simmode  gui
     -simrunnum  0
     -socket  50605

Fri Jan 17 21:28:43 2020


 Elaboration Time: 0.203125 sec

 Current Memory Usage: 5825.64 Meg

 Total Signals          : 18
 Total Nets             : 49
 Total Signal Drivers   : 8
 Total Blocks           : 2
 Total Primitive Blocks : 2
 Total Processes        : 10
 Total Traceable Variables  : 24
 Total Scalar Nets and Variables : 201
Total Line Count : 32

 Total Simulation Time: 0.4375 sec

 Current Memory Usage: 5825.62 Meg

Fri Jan 17 21:29:23 2020

