Running: C:\Xilinx\14.6\ISE_DS\ISE\bin\nt64\unwrapped\fuse.exe -intstyle ise -incremental -lib unisims_ver -lib unimacro_ver -lib xilinxcorelib_ver -lib secureip -o C:/Users/Julian Pulido/Desktop/work03-simulacion-OV7670-master/hw/test_cam_TB_isim_beh.exe -prj C:/Users/Julian Pulido/Desktop/work03-simulacion-OV7670-master/hw/test_cam_TB_beh.prj work.test_cam_TB work.glbl 
ISim P.68d (signature 0x7708f090)
Number of CPUs detected in this system: 2
Turning on mult-threading, number of parallel sub-compilation jobs: 4 
Determining compilation order of HDL files
Analyzing Verilog file "C:/Users/Julian Pulido/Desktop/work03-simulacion-OV7670-master/hw/src/VGA_driver.v" into library work
Analyzing Verilog file "C:/Users/Julian Pulido/Desktop/work03-simulacion-OV7670-master/hw/src/PLL/clk24_25_nexys4.v" into library work
Analyzing Verilog file "C:/Users/Julian Pulido/Desktop/work03-simulacion-OV7670-master/hw/src/cam_read.v" into library work
Analyzing Verilog file "C:/Users/Julian Pulido/Desktop/work03-simulacion-OV7670-master/hw/src/buffer_ram_dp.v" into library work
Analyzing Verilog file "C:/Users/Julian Pulido/Desktop/work03-simulacion-OV7670-master/hw/src/test_cam.v" into library work
Analyzing Verilog file "C:/Users/Julian Pulido/Desktop/work03-simulacion-OV7670-master/hw/src/test_cam_TB.v" into library work
Analyzing Verilog file "C:/Xilinx/14.6/ISE_DS/ISE//verilog/src/glbl.v" into library work
Starting static elaboration
WARNING:HDLCompiler:1016 - "C:/Users/Julian Pulido/Desktop/work03-simulacion-OV7670-master/hw/src/test_cam.v" Line 109: Port LOCKED is not connected to this instance
Completed static elaboration
Compiling module BUFG
Compiling module MMCME2_ADV(CLKOUT1_DIVIDE=50,CLK...
Compiling module clk24_25_nexys4
Compiling module buffer_ram_dp(AW=15,DW=8)
Compiling module VGA_Driver640x480_default
Compiling module cam_read(AW=15)
Compiling module test_cam
Compiling module test_cam_TB
Compiling module glbl
Time Resolution for simulation is 1ps.
Waiting for 6 sub-compilation(s) to finish...
Compiled 9 Verilog Units
Built simulation executable C:/Users/Julian Pulido/Desktop/work03-simulacion-OV7670-master/hw/test_cam_TB_isim_beh.exe
Fuse Memory Usage: 44552 KB
Fuse CPU Usage: 859 ms
